#
# A fatal error has been detected by the Java Runtime Environment:
#
#  SIGSEGV (0xb) at pc=0x00007f00b40dd71c, pid=20856, tid=139640839796480
#
# JRE version: 6.0_33-b03
# Java VM: Java HotSpot(TM) 64-Bit Server VM (20.8-b03 mixed mode linux-amd64 compressed oops)
# Problematic frame:
# V  [libjvm.so+0x6d971c]  unsigned long+0x5c
#
# If you would like to submit a bug report, please visit:
#   http://java.sun.com/webapps/bugreport/crash.jsp
#

---------------  T H R E A D  ---------------

Current thread (0x00007f00ac58a000):  JavaThread "In-process PermutationWorker 0" [_thread_in_vm, id=20899, stack(0x00007f00aa96f000,0x00007f00aaa70000)]

siginfo:si_signo=SIGSEGV: si_errno=0, si_code=128 (), si_addr=0x0000000000000000

Registers:
RAX=0x0000000000000000, RBX=0x0000000000000001, RCX=0x00000000ddea8128, RDX=0x00000000ddea8370
RSP=0x00007f00aaa6bb30, RBP=0x00007f00aaa6bb30, RSI=0x0000000000000081, RDI=0x00000000ddea83e0
R8 =0x00007f00b44a61e0, R9 =0x00000000ddea6638, R10=0x00020000ddea6638, R11=0x0000000000000076
R12=0x00000000ddea72b4, R13=0x00007f00b40dd6c0, R14=0x00000000ddea72b8, R15=0x00007f00aaa6bd00
RIP=0x00007f00b40dd71c, EFLAGS=0x0000000000010202, CSGSFS=0x0000000000000033, ERR=0x0000000000000000
  TRAPNO=0x000000000000000d

Top of Stack: (sp=0x00007f00aaa6bb30)
0x00007f00aaa6bb30:   0000000000000001 0000003c26037c9a
0x00007f00aaa6bb40:   00007f00aaa6bb70 0000000000000000
0x00007f00aaa6bb50:   0000000000000004 00007f00aaa6bd80
0x00007f00aaa6bb60:   00000000ddea72b4 0000000000000002
0x00007f00aaa6bb70:   00007f00aaa6bb90 0000000000000002
0x00007f00aaa6bb80:   0000000000000002 00007f00aaa6bd00
0x00007f00aaa6bb90:   0000000000000050 00000000ddea72b4
0x00007f00aaa6bba0:   00007f00b40dd6c0 0000003c26037b8a
0x00007f00aaa6bbb0:   00007f00aaa6bbd0 0000000000000000
0x00007f00aaa6bbc0:   0000000000000004 00007f00aaa6bd80
0x00007f00aaa6bbd0:   00000000ddea72ac 0000000000000004
0x00007f00aaa6bbe0:   00007f00ac58a000 0000000000000004
0x00007f00aaa6bbf0:   0000000000000004 00007f00aaa6bd00
0x00007f00aaa6bc00:   0000000000000050 00000000ddea72ac
0x00007f00aaa6bc10:   00007f00b40dd6c0 0000003c26037b8a
0x00007f00aaa6bc20:   00007f00aaa6bc00 0000000000000000
0x00007f00aaa6bc30:   0000000000000004 00007f00aaa6bd80
0x00007f00aaa6bc40:   00000000ddea729c 0000000000000008
0x00007f00aaa6bc50:   00007f00ac58a000 0000000000000008
0x00007f00aaa6bc60:   0000000000000007 00007f00aaa6bd00
0x00007f00aaa6bc70:   0000000000000050 00000000ddea729c
0x00007f00aaa6bc80:   00007f00b40dd6c0 0000003c26037b8a
0x00007f00aaa6bc90:   00007f0078964b68 00007f00b44936d0
0x00007f00aaa6bca0:   00007f00aaa6bcc0 00007f00aaa6bd80
0x00007f00aaa6bcb0:   00000000ddea7280 000000000000000f
0x00007f00aaa6bcc0:   00007f00aaa6bdc0 0000000000000004
0x00007f00aaa6bcd0:   00007f00aaa6bde0 00007f00aaa6bd00
0x00007f00aaa6bce0:   0000000000000050 00007f00ac58a000
0x00007f00aaa6bcf0:   00007f00b40dd6c0 0000003c260380dc
0x00007f00aaa6bd00:   ddea7d30ddea7f78 ddea7aa8ddea7e58
0x00007f00aaa6bd10:   00007f007cd74df8 71a27f080000021b
0x00007f00aaa6bd20:   71a27f080000021b 00007f0078964b68 

Instructions: (pc=0x00007f00b40dd71c)
0x00007f00b40dd6fc:   4a 10 4c 8b 52 18 48 8b 57 10 4c 8b 4f 18 4c 0f
0x00007f00b40dd70c:   b7 59 40 49 83 c2 40 48 0f b7 72 40 49 83 c1 40
0x00007f00b40dd71c:   4b 8b 0c da 49 8b 04 f1 48 39 c1 72 0d 48 39 c1
0x00007f00b40dd72c:   40 0f 95 c7 40 0f b6 c7 c9 c3 b8 ff ff ff ff eb 

Register to memory mapping:

RAX=0x0000000000000000 is an unknown value
RBX=0x0000000000000001 is an unknown value
RCX=0x00000000ddea8128 is an oop
{constMethod} 
 - klass: {other class}
 - method:       0x00000000ddea82e8 {method} 
[error occurred during error reporting (printing register info), id 0xb]

Stack: [0x00007f00aa96f000,0x00007f00aaa70000],  sp=0x00007f00aaa6bb30,  free space=1010k
Native frames: (J=compiled Java code, j=interpreted, Vv=VM code, C=native code)
V  [libjvm.so+0x6d971c]  unsigned long+0x5c

Java frames: (J=compiled Java code, j=interpreted, Vv=VM code)
j  java.lang.ClassLoader.defineClass1(Ljava/lang/String;[BIILjava/security/ProtectionDomain;Ljava/lang/String;Z)Ljava/lang/Class;+0
j  java.lang.ClassLoader.defineClassCond(Ljava/lang/String;[BIILjava/security/ProtectionDomain;Z)Ljava/lang/Class;+32
j  java.lang.ClassLoader.defineClass(Ljava/lang/String;[BIILjava/security/ProtectionDomain;)Ljava/lang/Class;+9
j  java.security.SecureClassLoader.defineClass(Ljava/lang/String;[BIILjava/security/CodeSource;)Ljava/lang/Class;+27
j  java.net.URLClassLoader.defineClass(Ljava/lang/String;Lsun/misc/Resource;Z)Ljava/lang/Class;+369
J  java.net.URLClassLoader$1.run()Ljava/lang/Object;
v  ~StubRoutines::call_stub
j  java.security.AccessController.doPrivileged(Ljava/security/PrivilegedExceptionAction;Ljava/security/AccessControlContext;)Ljava/lang/Object;+0
j  java.net.URLClassLoader.findClass(Ljava/lang/String;)Ljava/lang/Class;+13
J  java.lang.ClassLoader.loadClass(Ljava/lang/String;Z)Ljava/lang/Class;
j  sun.misc.Launcher$AppClassLoader.loadClass(Ljava/lang/String;Z)Ljava/lang/Class;+41
j  java.lang.ClassLoader.loadClass(Ljava/lang/String;)Ljava/lang/Class;+3
v  ~StubRoutines::call_stub
j  com.google.gwt.dev.js.JsStackEmulator$InstrumentAllFunctions.endVisit(Lcom/google/gwt/dev/js/ast/JsFunction;Lcom/google/gwt/dev/js/ast/JsContext;)V+25
J  com.google.gwt.dev.js.ast.JsFunction.traverse(Lcom/google/gwt/dev/js/ast/JsVisitor;Lcom/google/gwt/dev/js/ast/JsContext;)V
J  com.google.gwt.dev.js.ast.JsVisitor.doAccept(Lcom/google/gwt/dev/js/ast/JsVisitable;)Lcom/google/gwt/dev/js/ast/JsVisitable;
J  com.google.gwt.dev.js.ast.JsBinaryOperation.traverse(Lcom/google/gwt/dev/js/ast/JsVisitor;Lcom/google/gwt/dev/js/ast/JsContext;)V
J  com.google.gwt.dev.js.ast.JsVisitor.doAccept(Lcom/google/gwt/dev/js/ast/JsVisitable;)Lcom/google/gwt/dev/js/ast/JsVisitable;
J  com.google.gwt.dev.js.ast.JsExprStmt.traverse(Lcom/google/gwt/dev/js/ast/JsVisitor;Lcom/google/gwt/dev/js/ast/JsContext;)V
J  com.google.gwt.dev.js.ast.JsVisitor.doAcceptWithInsertRemove(Ljava/util/List;)V
J  com.google.gwt.dev.js.ast.JsBlock.traverse(Lcom/google/gwt/dev/js/ast/JsVisitor;Lcom/google/gwt/dev/js/ast/JsContext;)V
J  com.google.gwt.dev.js.ast.JsVisitor.doAccept(Lcom/google/gwt/dev/js/ast/JsVisitable;)Lcom/google/gwt/dev/js/ast/JsVisitable;
J  com.google.gwt.dev.js.ast.JsVisitor.accept(Lcom/google/gwt/dev/js/ast/JsVisitable;)Lcom/google/gwt/dev/js/ast/JsVisitable;
j  com.google.gwt.dev.js.ast.JsProgramFragment.traverse(Lcom/google/gwt/dev/js/ast/JsVisitor;Lcom/google/gwt/dev/js/ast/JsContext;)V+14
J  com.google.gwt.dev.js.ast.JsVisitor.doAccept(Lcom/google/gwt/dev/js/ast/JsVisitable;)Lcom/google/gwt/dev/js/ast/JsVisitable;
J  com.google.gwt.dev.js.ast.JsVisitor.accept(Lcom/google/gwt/dev/js/ast/JsVisitable;)Lcom/google/gwt/dev/js/ast/JsVisitable;
j  com.google.gwt.dev.js.ast.JsProgram.traverse(Lcom/google/gwt/dev/js/ast/JsVisitor;Lcom/google/gwt/dev/js/ast/JsContext;)V+37
J  com.google.gwt.dev.js.ast.JsVisitor.doAccept(Lcom/google/gwt/dev/js/ast/JsVisitable;)Lcom/google/gwt/dev/js/ast/JsVisitable;
J  com.google.gwt.dev.js.ast.JsVisitor.accept(Lcom/google/gwt/dev/js/ast/JsVisitable;)Lcom/google/gwt/dev/js/ast/JsVisitable;
j  com.google.gwt.dev.js.JsStackEmulator.execImpl()V+59
j  com.google.gwt.dev.js.JsStackEmulator.exec(Lcom/google/gwt/dev/js/ast/JsProgram;[Lcom/google/gwt/core/ext/PropertyOracle;)V+19
j  com.google.gwt.dev.jjs.JavaToJavaScriptCompiler.compilePermutation(Lcom/google/gwt/core/ext/TreeLogger;Lcom/google/gwt/dev/jjs/UnifiedAst;Lcom/google/gwt/dev/Permutation;)Lcom/google/gwt/dev/jjs/PermutationResult;+351
j  com.google.gwt.dev.jjs.UnifiedAst.compilePermutation(Lcom/google/gwt/core/ext/TreeLogger;Lcom/google/gwt/dev/Permutation;)Lcom/google/gwt/dev/jjs/PermutationResult;+3
j  com.google.gwt.dev.CompilePerms.compile(Lcom/google/gwt/core/ext/TreeLogger;Lcom/google/gwt/dev/Permutation;Lcom/google/gwt/dev/jjs/UnifiedAst;)Lcom/google/gwt/dev/jjs/PermutationResult;+3
j  com.google.gwt.dev.ThreadedPermutationWorkerFactory$ThreadedPermutationWorker.compile(Lcom/google/gwt/core/ext/TreeLogger;Lcom/google/gwt/dev/Permutation;Lcom/google/gwt/dev/util/FileBackedObject;)V+6
j  com.google.gwt.dev.PermutationWorkerFactory$Manager$WorkerThread.run()V+63
j  java.lang.Thread.run()V+11
v  ~StubRoutines::call_stub

---------------  P R O C E S S  ---------------

Java Threads: ( => current thread )
=>0x00007f00ac58a000 JavaThread "In-process PermutationWorker 0" [_thread_in_vm, id=20899, stack(0x00007f00aa96f000,0x00007f00aaa70000)]
  0x00007f0058019800 JavaThread "Java2D Disposer" daemon [_thread_blocked, id=20877, stack(0x00007f00a9eda000,0x00007f00a9fdb000)]
  0x00007f00ac2f9000 JavaThread "UnitWriteThread" daemon [_thread_blocked, id=20875, stack(0x00007f00aa657000,0x00007f00aa758000)]
  0x00007f00ac28d000 JavaThread "com.google.gwt.thirdparty.guava.common.base.internal.Finalizer" daemon [_thread_blocked, id=20873, stack(0x00007f00aa761000,0x00007f00aa862000)]
  0x00007f0068032800 JavaThread "Timer-0" daemon [_thread_blocked, id=20872, stack(0x00007f00aa862000,0x00007f00aa963000)]
  0x00007f00ac093000 JavaThread "Low Memory Detector" daemon [_thread_blocked, id=20869, stack(0x00007f00aae59000,0x00007f00aaf5a000)]
  0x00007f00ac091000 JavaThread "C2 CompilerThread1" daemon [_thread_in_native, id=20868, stack(0x00007f00aaf5a000,0x00007f00ab05b000)]
  0x00007f00ac08e000 JavaThread "C2 CompilerThread0" daemon [_thread_blocked, id=20867, stack(0x00007f00ab05b000,0x00007f00ab15c000)]
  0x00007f00ac08b800 JavaThread "Signal Dispatcher" daemon [_thread_blocked, id=20866, stack(0x00007f00ab15c000,0x00007f00ab25d000)]
  0x00007f00ac06f800 JavaThread "Finalizer" daemon [_thread_blocked, id=20865, stack(0x00007f00ab25d000,0x00007f00ab35e000)]
  0x00007f00ac06d800 JavaThread "Reference Handler" daemon [_thread_blocked, id=20864, stack(0x00007f00ab35e000,0x00007f00ab45f000)]
  0x00007f00ac009000 JavaThread "main" [_thread_blocked, id=20858, stack(0x00007f00b3903000,0x00007f00b3a04000)]

Other Threads:
  0x00007f00ac067000 VMThread [stack: 0x00007f00ab45f000,0x00007f00ab560000] [id=20863]
  0x00007f00ac09d800 WatcherThread [stack: 0x00007f00aad58000,0x00007f00aae59000] [id=20870]

VM state:not at safepoint (normal execution)

VM Mutex/Monitor currently owned by a thread: None

Heap
 PSYoungGen      total 125760K, used 17833K [0x00000000f5560000, 0x00000000ff5b0000, 0x0000000100000000)
  eden space 90304K, 6% used [0x00000000f5560000,0x00000000f5aaaee8,0x00000000fad90000)
  from space 35456K, 35% used [0x00000000fd310000,0x00000000fdf2f7e8,0x00000000ff5b0000)
  to   space 36928K, 0% used [0x00000000fad90000,0x00000000fad90000,0x00000000fd1a0000)
 PSOldGen        total 223232K, used 163555K [0x00000000e0000000, 0x00000000eda00000, 0x00000000f5560000)
  object space 223232K, 73% used [0x00000000e0000000,0x00000000e9fb8e18,0x00000000eda00000)
 PSPermGen       total 65856K, used 49838K [0x00000000dae00000, 0x00000000dee50000, 0x00000000e0000000)
  object space 65856K, 75% used [0x00000000dae00000,0x00000000ddeab850,0x00000000dee50000)

Code Cache  [0x00007f00b0391000, 0x00007f00b0d61000, 0x00007f00b3391000)
 total_blobs=2875 nmethods=2441 adapters=383 free_code_cache=40144320 largest_free_block=6912

Dynamic libraries:
40000000-40009000 r-xp 00000000 fd:02 11798689                           /home/rmartine/Development/jvm/jdk1.6.0_33/bin/java
40108000-4010a000 rwxp 00008000 fd:02 11798689                           /home/rmartine/Development/jvm/jdk1.6.0_33/bin/java
41195000-411b6000 rwxp 00000000 00:00 0                                  [heap]
dae00000-dee50000 rwxp 00000000 00:00 0 
dee50000-e0000000 rwxp 00000000 00:00 0 
e0000000-eda00000 rwxp 00000000 00:00 0 
eda00000-f5560000 rwxp 00000000 00:00 0 
f5560000-ff5b0000 rwxp 00000000 00:00 0 
ff5b0000-100000000 ---p 00000000 00:00 0 
3c25c00000-3c25c20000 r-xp 00000000 fd:01 1199174                        /usr/lib64/ld-2.15.so
3c25e1f000-3c25e20000 r-xp 0001f000 fd:01 1199174                        /usr/lib64/ld-2.15.so
3c25e20000-3c25e21000 rwxp 00020000 fd:01 1199174                        /usr/lib64/ld-2.15.so
3c25e21000-3c25e22000 rwxp 00000000 00:00 0 
3c26000000-3c261ac000 r-xp 00000000 fd:01 1199567                        /usr/lib64/libc-2.15.so
3c261ac000-3c263ac000 ---p 001ac000 fd:01 1199567                        /usr/lib64/libc-2.15.so
3c263ac000-3c263b0000 r-xp 001ac000 fd:01 1199567                        /usr/lib64/libc-2.15.so
3c263b0000-3c263b2000 rwxp 001b0000 fd:01 1199567                        /usr/lib64/libc-2.15.so
3c263b2000-3c263b7000 rwxp 00000000 00:00 0 
3c26400000-3c26416000 r-xp 00000000 fd:01 1194570                        /usr/lib64/libpthread-2.15.so
3c26416000-3c26616000 ---p 00016000 fd:01 1194570                        /usr/lib64/libpthread-2.15.so
3c26616000-3c26617000 r-xp 00016000 fd:01 1194570                        /usr/lib64/libpthread-2.15.so
3c26617000-3c26618000 rwxp 00017000 fd:01 1194570                        /usr/lib64/libpthread-2.15.so
3c26618000-3c2661c000 rwxp 00000000 00:00 0 
3c26800000-3c26803000 r-xp 00000000 fd:01 1199578                        /usr/lib64/libdl-2.15.so
3c26803000-3c26a02000 ---p 00003000 fd:01 1199578                        /usr/lib64/libdl-2.15.so
3c26a02000-3c26a03000 r-xp 00002000 fd:01 1199578                        /usr/lib64/libdl-2.15.so
3c26a03000-3c26a04000 rwxp 00003000 fd:01 1199578                        /usr/lib64/libdl-2.15.so
3c26c00000-3c26c07000 r-xp 00000000 fd:01 1199574                        /usr/lib64/librt-2.15.so
3c26c07000-3c26e06000 ---p 00007000 fd:01 1199574                        /usr/lib64/librt-2.15.so
3c26e06000-3c26e07000 r-xp 00006000 fd:01 1199574                        /usr/lib64/librt-2.15.so
3c26e07000-3c26e08000 rwxp 00007000 fd:01 1199574                        /usr/lib64/librt-2.15.so
3c27000000-3c270fa000 r-xp 00000000 fd:01 1199575                        /usr/lib64/libm-2.15.so
3c270fa000-3c272f9000 ---p 000fa000 fd:01 1199575                        /usr/lib64/libm-2.15.so
3c272f9000-3c272fa000 r-xp 000f9000 fd:01 1199575                        /usr/lib64/libm-2.15.so
3c272fa000-3c272fb000 rwxp 000fa000 fd:01 1199575                        /usr/lib64/libm-2.15.so
3c3a800000-3c3a816000 r-xp 00000000 fd:01 1199664                        /usr/lib64/libnsl-2.15.so
3c3a816000-3c3aa15000 ---p 00016000 fd:01 1199664                        /usr/lib64/libnsl-2.15.so
3c3aa15000-3c3aa16000 r-xp 00015000 fd:01 1199664                        /usr/lib64/libnsl-2.15.so
3c3aa16000-3c3aa17000 rwxp 00016000 fd:01 1199664                        /usr/lib64/libnsl-2.15.so
3c3aa17000-3c3aa19000 rwxp 00000000 00:00 0 
7f0058000000-7f0058066000 rwxp 00000000 00:00 0 
7f0058066000-7f005c000000 ---p 00000000 00:00 0 
7f005c000000-7f005c021000 rwxp 00000000 00:00 0 
7f005c021000-7f0060000000 ---p 00000000 00:00 0 
7f0060000000-7f0060021000 rwxp 00000000 00:00 0 
7f0060021000-7f0064000000 ---p 00000000 00:00 0 
7f0064000000-7f0064021000 rwxp 00000000 00:00 0 
7f0064021000-7f0068000000 ---p 00000000 00:00 0 
7f0068000000-7f006837f000 rwxp 00000000 00:00 0 
7f006837f000-7f006c000000 ---p 00000000 00:00 0 
7f006c000000-7f006c021000 rwxp 00000000 00:00 0 
7f006c021000-7f0070000000 ---p 00000000 00:00 0 
7f0070000000-7f0070021000 rwxp 00000000 00:00 0 
7f0070021000-7f0074000000 ---p 00000000 00:00 0 
7f0074000000-7f0074021000 rwxp 00000000 00:00 0 
7f0074021000-7f0078000000 ---p 00000000 00:00 0 
7f0078000000-7f007aeb3000 rwxp 00000000 00:00 0 
7f007aeb3000-7f007c000000 ---p 00000000 00:00 0 
7f007c000000-7f007f50d000 rwxp 00000000 00:00 0 
7f007f50d000-7f0080000000 ---p 00000000 00:00 0 
7f0080000000-7f0080021000 rwxp 00000000 00:00 0 
7f0080021000-7f0084000000 ---p 00000000 00:00 0 
7f0085bd3000-7f008c000000 r-xp 00000000 fd:01 1180426                    /usr/lib/locale/locale-archive
7f008c000000-7f008c021000 rwxp 00000000 00:00 0 
7f008c021000-7f0090000000 ---p 00000000 00:00 0 
7f0090000000-7f0090021000 rwxp 00000000 00:00 0 
7f0090021000-7f0094000000 ---p 00000000 00:00 0 
7f0094000000-7f0094021000 rwxp 00000000 00:00 0 
7f0094021000-7f0098000000 ---p 00000000 00:00 0 
7f0098000000-7f0098056000 rwxp 00000000 00:00 0 
7f0098056000-7f009c000000 ---p 00000000 00:00 0 
7f009c000000-7f009c028000 rwxp 00000000 00:00 0 
7f009c028000-7f00a0000000 ---p 00000000 00:00 0 
7f00a0000000-7f00a0021000 rwxp 00000000 00:00 0 
7f00a0021000-7f00a4000000 ---p 00000000 00:00 0 
7f00a4000000-7f00a4021000 rwxp 00000000 00:00 0 
7f00a4021000-7f00a8000000 ---p 00000000 00:00 0 
7f00a9c5c000-7f00a9cbb000 r-xs 00bac000 fd:02 11799429                   /home/rmartine/Development/jvm/jdk1.6.0_33/lib/tools.jar
7f00a9cbb000-7f00a9cc2000 r-xp 00000000 fd:02 11799331                   /home/rmartine/Development/jvm/jdk1.6.0_33/jre/lib/amd64/libnio.so
7f00a9cc2000-7f00a9dc1000 ---p 00007000 fd:02 11799331                   /home/rmartine/Development/jvm/jdk1.6.0_33/jre/lib/amd64/libnio.so
7f00a9dc1000-7f00a9dc3000 rwxp 00006000 fd:02 11799331                   /home/rmartine/Development/jvm/jdk1.6.0_33/jre/lib/amd64/libnio.so
7f00a9dc3000-7f00a9dd6000 r-xp 00000000 fd:02 11799330                   /home/rmartine/Development/jvm/jdk1.6.0_33/jre/lib/amd64/libnet.so
7f00a9dd6000-7f00a9ed7000 ---p 00013000 fd:02 11799330                   /home/rmartine/Development/jvm/jdk1.6.0_33/jre/lib/amd64/libnet.so
7f00a9ed7000-7f00a9eda000 rwxp 00014000 fd:02 11799330                   /home/rmartine/Development/jvm/jdk1.6.0_33/jre/lib/amd64/libnet.so
7f00a9eda000-7f00a9edd000 ---p 00000000 00:00 0 
7f00a9edd000-7f00a9fdb000 rwxp 00000000 00:00 0                          [stack:20877]
7f00a9fdb000-7f00aa054000 r-xp 00000000 fd:02 11799339                   /home/rmartine/Development/jvm/jdk1.6.0_33/jre/lib/amd64/libfontmanager.so
7f00aa054000-7f00aa153000 ---p 00079000 fd:02 11799339                   /home/rmartine/Development/jvm/jdk1.6.0_33/jre/lib/amd64/libfontmanager.so
7f00aa153000-7f00aa168000 rwxp 00078000 fd:02 11799339                   /home/rmartine/Development/jvm/jdk1.6.0_33/jre/lib/amd64/libfontmanager.so
7f00aa168000-7f00aa17a000 rwxp 00000000 00:00 0 
7f00aa17a000-7f00aa17f000 r-xp 00000000 fd:02 11799372                   /home/rmartine/Development/jvm/jdk1.6.0_33/jre/lib/amd64/headless/libmawt.so
7f00aa17f000-7f00aa27e000 ---p 00005000 fd:02 11799372                   /home/rmartine/Development/jvm/jdk1.6.0_33/jre/lib/amd64/headless/libmawt.so
7f00aa27e000-7f00aa280000 rwxp 00004000 fd:02 11799372                   /home/rmartine/Development/jvm/jdk1.6.0_33/jre/lib/amd64/headless/libmawt.so
7f00aa280000-7f00aa312000 r-xp 00000000 fd:02 11799375                   /home/rmartine/Development/jvm/jdk1.6.0_33/jre/lib/amd64/libawt.so
7f00aa312000-7f00aa411000 ---p 00092000 fd:02 11799375                   /home/rmartine/Development/jvm/jdk1.6.0_33/jre/lib/amd64/libawt.so
7f00aa411000-7f00aa42b000 rwxp 00091000 fd:02 11799375                   /home/rmartine/Development/jvm/jdk1.6.0_33/jre/lib/amd64/libawt.so
7f00aa42b000-7f00aa44f000 rwxp 00000000 00:00 0 
7f00aa44f000-7f00aa452000 ---p 00000000 00:00 0 
7f00aa452000-7f00aa550000 rwxp 00000000 00:00 0 
7f00aa550000-7f00aa556000 r-xp 00000000 fd:02 11799377                   /home/rmartine/Development/jvm/jdk1.6.0_33/jre/lib/amd64/libmanagement.so
7f00aa556000-7f00aa655000 ---p 00006000 fd:02 11799377                   /home/rmartine/Development/jvm/jdk1.6.0_33/jre/lib/amd64/libmanagement.so
7f00aa655000-7f00aa657000 rwxp 00005000 fd:02 11799377                   /home/rmartine/Development/jvm/jdk1.6.0_33/jre/lib/amd64/libmanagement.so
7f00aa657000-7f00aa65a000 ---p 00000000 00:00 0 
7f00aa65a000-7f00aa758000 rwxp 00000000 00:00 0                          [stack:20875]
7f00aa758000-7f00aa75a000 r-xs 00001000 fd:02 11799223                   /home/rmartine/Development/jvm/jdk1.6.0_33/jre/lib/ext/dnsns.jar
7f00aa75a000-7f00aa75e000 r-xs 00035000 fd:02 11799226                   /home/rmartine/Development/jvm/jdk1.6.0_33/jre/lib/ext/sunpkcs11.jar
7f00aa75e000-7f00aa761000 r-xs 000cc000 fd:02 11799998                   /home/rmartine/Development/jvm/jdk1.6.0_33/jre/lib/ext/localedata.jar
7f00aa761000-7f00aa764000 ---p 00000000 00:00 0 
7f00aa764000-7f00aa862000 rwxp 00000000 00:00 0                          [stack:20873]
7f00aa862000-7f00aa865000 ---p 00000000 00:00 0 
7f00aa865000-7f00aa963000 rwxp 00000000 00:00 0                          [stack:20872]
7f00aa963000-7f00aa968000 r-xs 0001f000 fd:02 12717712                   /home/rmartine/.m2/repository/com/google/gwt/google-apis/gwt-visualization/1.0.2/gwt-visualization-1.0.2.jar
7f00aa968000-7f00aa96f000 r-xs 00037000 fd:02 11666819                   /home/rmartine/.m2/repository/junit/junit/4.10/junit-4.10.jar
7f00aa96f000-7f00aa972000 ---p 00000000 00:00 0 
7f00aa972000-7f00aaa9e000 rwxp 00000000 00:00 0                          [stack:20899]
7f00aaa9e000-7f00aac12000 r-xs 0198c000 fd:02 12716821                   /home/rmartine/.m2/repository/com/google/gwt/gwt-dev/2.4.0/gwt-dev-2.4.0.jar
7f00aac12000-7f00aacf8000 r-xs 00b58000 fd:02 12716820                   /home/rmartine/.m2/repository/com/google/gwt/gwt-user/2.4.0/gwt-user-2.4.0.jar
7f00aacf8000-7f00aacfb000 r-xs 0001e000 fd:02 12716815                   /home/rmartine/.m2/repository/org/jboss/errai/errai-weld-integration/2.0.0.Final/errai-weld-integration-2.0.0.Final.jar
7f00aacfb000-7f00aacfc000 r-xs 00004000 fd:02 12716814                   /home/rmartine/.m2/repository/org/jboss/errai/errai-javax-enterprise/2.0.0.Final/errai-javax-enterprise-2.0.0.Final.jar
7f00aacfc000-7f00aacff000 r-xs 0000a000 fd:02 12716813                   /home/rmartine/.m2/repository/org/jboss/errai/errai-cdi-client/2.0.0.Final/errai-cdi-client-2.0.0.Final.jar
7f00aacff000-7f00aad07000 r-xs 00096000 fd:02 12716812                   /home/rmartine/.m2/repository/hsqldb/hsqldb/1.8.0.7/hsqldb-1.8.0.7.jar
7f00aad07000-7f00aad0b000 r-xs 00025000 fd:02 12587578                   /home/rmartine/.m2/repository/org/jboss/errai/errai-tools/2.0.0.Final/errai-tools-2.0.0.Final.jar
7f00aad0b000-7f00aad1a000 r-xs 00089000 fd:02 12587577                   /home/rmartine/.m2/repository/org/jboss/errai/errai-codegen/2.0.0.Final/errai-codegen-2.0.0.Final.jar
7f00aad1a000-7f00aad23000 r-xs 00049000 fd:02 12587576                   /home/rmartine/.m2/repository/org/jboss/errai/errai-ioc/2.0.0.Final/errai-ioc-2.0.0.Final.jar
7f00aad23000-7f00aad3a000 r-xs 0011c000 fd:02 12583171                   /home/rmartine/.m2/repository/org/jboss/errai/io/netty/netty/4.0.0.Alpha1.errai.r1/netty-4.0.0.Alpha1.errai.r1.jar
7f00aad3a000-7f00aad43000 r-xs 00096000 fd:02 12583170                   /home/rmartine/.m2/repository/org/javassist/javassist/3.15.0-GA/javassist-3.15.0-GA.jar
7f00aad43000-7f00aad4c000 r-xs 0006d000 fd:02 12583168                   /home/rmartine/.m2/repository/log4j/log4j/1.2.16/log4j-1.2.16.jar
7f00aad4c000-7f00aad58000 r-xs 000a8000 fd:02 12583165                   /home/rmartine/.m2/repository/org/mvel/mvel2/2.1.Beta8/mvel2-2.1.Beta8.jar
7f00aad58000-7f00aad59000 ---p 00000000 00:00 0 
7f00aad59000-7f00aae59000 rwxp 00000000 00:00 0                          [stack:20870]
7f00aae59000-7f00aae5c000 ---p 00000000 00:00 0 
7f00aae5c000-7f00aaf5a000 rwxp 00000000 00:00 0                          [stack:20869]
7f00aaf5a000-7f00aaf5d000 ---p 00000000 00:00 0 
7f00aaf5d000-7f00ab05b000 rwxp 00000000 00:00 0                          [stack:20868]
7f00ab05b000-7f00ab05e000 ---p 00000000 00:00 0 
7f00ab05e000-7f00ab15c000 rwxp 00000000 00:00 0                          [stack:20867]
7f00ab15c000-7f00ab15f000 ---p 00000000 00:00 0 
7f00ab15f000-7f00ab25d000 rwxp 00000000 00:00 0                          [stack:20866]
7f00ab25d000-7f00ab260000 ---p 00000000 00:00 0 
7f00ab260000-7f00ab35e000 rwxp 00000000 00:00 0                          [stack:20865]
7f00ab35e000-7f00ab361000 ---p 00000000 00:00 0 
7f00ab361000-7f00ab45f000 rwxp 00000000 00:00 0                          [stack:20864]
7f00ab45f000-7f00ab460000 ---p 00000000 00:00 0 
7f00ab460000-7f00aba65000 rwxp 00000000 00:00 0                          [stack:20863]
7f00aba65000-7f00abbfc000 r-xs 0307a000 fd:02 11800005                   /home/rmartine/Development/jvm/jdk1.6.0_33/jre/lib/rt.jar
7f00abbfc000-7f00abbfd000 ---p 00000000 00:00 0 
7f00abbfd000-7f00abcfd000 rwxp 00000000 00:00 0                          [stack:20862]
7f00abcfd000-7f00abcfe000 ---p 00000000 00:00 0 
7f00abcfe000-7f00abdfe000 rwxp 00000000 00:00 0                          [stack:20861]
7f00abdfe000-7f00abdff000 ---p 00000000 00:00 0 
7f00abdff000-7f00abeff000 rwxp 00000000 00:00 0                          [stack:20860]
7f00abeff000-7f00abf00000 ---p 00000000 00:00 0 
7f00abf00000-7f00ac000000 rwxp 00000000 00:00 0                          [stack:20859]
7f00ac000000-7f00acbe5000 rwxp 00000000 00:00 0 
7f00acbe5000-7f00b0000000 ---p 00000000 00:00 0 
7f00b0000000-7f00b0003000 r-xs 00027000 fd:02 11799227                   /home/rmartine/Development/jvm/jdk1.6.0_33/jre/lib/ext/sunjce_provider.jar
7f00b0003000-7f00b0005000 r-xs 00011000 fd:02 11800108                   /home/rmartine/.m2/repository/org/hamcrest/hamcrest-core/1.1/hamcrest-core-1.1.jar
7f00b0005000-7f00b0007000 r-xs 00000000 fd:02 12583163                   /home/rmartine/.m2/repository/aopalliance/aopalliance/1.0/aopalliance-1.0.jar
7f00b0007000-7f00b0016000 r-xs 0009f000 fd:02 12583162                   /home/rmartine/.m2/repository/com/google/inject/guice/3.0/guice-3.0.jar
7f00b0016000-7f00b0020000 r-xs 00049000 fd:02 12587575                   /home/rmartine/.m2/repository/org/jboss/errai/errai-marshalling/2.0.0.Final/errai-marshalling-2.0.0.Final.jar
7f00b0020000-7f00b0025000 r-xs 00016000 fd:02 12583157                   /home/rmartine/.m2/repository/xml-apis/xml-apis/1.0.b2/xml-apis-1.0.b2.jar
7f00b0025000-7f00b002a000 r-xs 00048000 fd:02 12583156                   /home/rmartine/.m2/repository/dom4j/dom4j/1.6.1/dom4j-1.6.1.jar
7f00b002a000-7f00b002d000 r-xs 00006000 fd:02 12583173                   /home/rmartine/.m2/repository/com/google/code/findbugs/jsr305/1.3.9/jsr305-1.3.9.jar
7f00b002d000-7f00b004b000 r-xs 00151000 fd:02 12587574                   /home/rmartine/.m2/repository/com/google/guava/guava/10.0.1/guava-10.0.1.jar
7f00b004b000-7f00b004e000 r-xs 00015000 fd:02 12587573                   /home/rmartine/.m2/repository/org/jboss/errai/reflections/reflections/2.0.0.Final/reflections-2.0.0.Final.jar
7f00b004e000-7f00b0053000 r-xs 00025000 fd:02 12587572                   /home/rmartine/.m2/repository/org/jboss/errai/errai-common/2.0.0.Final/errai-common-2.0.0.Final.jar
7f00b0053000-7f00b0064000 r-xs 0009b000 fd:02 12587571                   /home/rmartine/.m2/repository/org/jboss/errai/errai-bus/2.0.0.Final/errai-bus-2.0.0.Final.jar
7f00b0064000-7f00b0066000 r-xs 0000e000 fd:02 12583161                   /home/rmartine/.m2/repository/javax/validation/validation-api/1.0.0.GA/validation-api-1.0.0.GA-sources.jar
7f00b0066000-7f00b006e000 r-xs 0004a000 fd:02 11666869                   /home/rmartine/.m2/repository/org/hibernate/hibernate-validator/4.2.0.Final/hibernate-validator-4.2.0.Final-sources.jar
7f00b006e000-7f00b0077000 r-xs 00051000 fd:02 11666864                   /home/rmartine/.m2/repository/org/hibernate/hibernate-validator/4.2.0.Final/hibernate-validator-4.2.0.Final.jar
7f00b0077000-7f00b00f4000 rwxp 00000000 00:00 0 
7f00b00f4000-7f00b00fc000 rwxp 00000000 00:00 0 
7f00b00fc000-7f00b0169000 rwxp 00000000 00:00 0 
7f00b0169000-7f00b01a7000 rwxp 00000000 00:00 0 
7f00b01a7000-7f00b01c8000 rwxp 00000000 00:00 0 
7f00b01c8000-7f00b01d0000 rwxp 00000000 00:00 0 
7f00b01d0000-7f00b023d000 rwxp 00000000 00:00 0 
7f00b023d000-7f00b027a000 rwxp 00000000 00:00 0 
7f00b027a000-7f00b02cb000 rwxp 00000000 00:00 0 
7f00b02cb000-7f00b02d0000 ---p 00000000 00:00 0 
7f00b02d0000-7f00b02f9000 rwxp 00000000 00:00 0 
7f00b02f9000-7f00b0391000 rwxp 00000000 00:00 0 
7f00b0391000-7f00b0d61000 rwxp 00000000 00:00 0 
7f00b0d61000-7f00b3391000 rwxp 00000000 00:00 0 
7f00b3391000-7f00b339f000 r-xp 00000000 fd:02 11799341                   /home/rmartine/Development/jvm/jdk1.6.0_33/jre/lib/amd64/libzip.so
7f00b339f000-7f00b34a1000 ---p 0000e000 fd:02 11799341                   /home/rmartine/Development/jvm/jdk1.6.0_33/jre/lib/amd64/libzip.so
7f00b34a1000-7f00b34a4000 rwxp 00010000 fd:02 11799341                   /home/rmartine/Development/jvm/jdk1.6.0_33/jre/lib/amd64/libzip.so
7f00b34a4000-7f00b34a5000 rwxp 00000000 00:00 0 
7f00b34a5000-7f00b34b1000 r-xp 00000000 fd:01 1180397                    /usr/lib64/libnss_files-2.15.so
7f00b34b1000-7f00b36b0000 ---p 0000c000 fd:01 1180397                    /usr/lib64/libnss_files-2.15.so
7f00b36b0000-7f00b36b1000 r-xp 0000b000 fd:01 1180397                    /usr/lib64/libnss_files-2.15.so
7f00b36b1000-7f00b36b2000 rwxp 0000c000 fd:01 1180397                    /usr/lib64/libnss_files-2.15.so
7f00b36b2000-7f00b36b6000 r-xs 00024000 fd:02 11666870                   /home/rmartine/.m2/repository/org/hibernate/hibernate-jpamodelgen/1.1.1.Final/hibernate-jpamodelgen-1.1.1.Final.jar
7f00b36b6000-7f00b36b7000 r-xs 00002000 fd:02 12583167                   /home/rmartine/.m2/repository/org/slf4j/slf4j-log4j12/1.6.1/slf4j-log4j12-1.6.1.jar
7f00b36b7000-7f00b36ba000 r-xs 00009000 fd:02 12189930                   /home/rmartine/.m2/repository/javax/validation/validation-api/1.0.0.GA-redhat-1/validation-api-1.0.0.GA-redhat-1.jar
7f00b36ba000-7f00b36bd000 r-xs 0000a000 fd:02 12189935                   /home/rmartine/.m2/repository/org/jboss/spec/javax/ejb/jboss-ejb-api_3.1_spec/1.0.2.Final-redhat-1/jboss-ejb-api_3.1_spec-1.0.2.Final-redhat-1.jar
7f00b36bd000-7f00b36c5000 rwxs 00000000 fd:01 3147501                    /tmp/hsperfdata_rmartine/20856
7f00b36c5000-7f00b36ee000 r-xp 00000000 fd:02 11799354                   /home/rmartine/Development/jvm/jdk1.6.0_33/jre/lib/amd64/libjava.so
7f00b36ee000-7f00b37ed000 ---p 00029000 fd:02 11799354                   /home/rmartine/Development/jvm/jdk1.6.0_33/jre/lib/amd64/libjava.so
7f00b37ed000-7f00b37f4000 rwxp 00028000 fd:02 11799354                   /home/rmartine/Development/jvm/jdk1.6.0_33/jre/lib/amd64/libjava.so
7f00b37f4000-7f00b3801000 r-xp 00000000 fd:02 11799336                   /home/rmartine/Development/jvm/jdk1.6.0_33/jre/lib/amd64/libverify.so
7f00b3801000-7f00b3900000 ---p 0000d000 fd:02 11799336                   /home/rmartine/Development/jvm/jdk1.6.0_33/jre/lib/amd64/libverify.so
7f00b3900000-7f00b3903000 rwxp 0000c000 fd:02 11799336                   /home/rmartine/Development/jvm/jdk1.6.0_33/jre/lib/amd64/libverify.so
7f00b3903000-7f00b3906000 ---p 00000000 00:00 0 
7f00b3906000-7f00b3a04000 rwxp 00000000 00:00 0                          [stack:20858]
7f00b3a04000-7f00b431f000 r-xp 00000000 fd:02 11799361                   /home/rmartine/Development/jvm/jdk1.6.0_33/jre/lib/amd64/server/libjvm.so
7f00b431f000-7f00b4420000 ---p 0091b000 fd:02 11799361                   /home/rmartine/Development/jvm/jdk1.6.0_33/jre/lib/amd64/server/libjvm.so
7f00b4420000-7f00b45d5000 rwxp 0091c000 fd:02 11799361                   /home/rmartine/Development/jvm/jdk1.6.0_33/jre/lib/amd64/server/libjvm.so
7f00b45d5000-7f00b4612000 rwxp 00000000 00:00 0 
7f00b4612000-7f00b4619000 r-xp 00000000 fd:02 11799326                   /home/rmartine/Development/jvm/jdk1.6.0_33/jre/lib/amd64/jli/libjli.so
7f00b4619000-7f00b471a000 ---p 00007000 fd:02 11799326                   /home/rmartine/Development/jvm/jdk1.6.0_33/jre/lib/amd64/jli/libjli.so
7f00b471a000-7f00b471c000 rwxp 00008000 fd:02 11799326                   /home/rmartine/Development/jvm/jdk1.6.0_33/jre/lib/amd64/jli/libjli.so
7f00b471c000-7f00b471d000 rwxp 00000000 00:00 0 
7f00b471d000-7f00b471f000 r-xs 00005000 fd:02 12583166                   /home/rmartine/.m2/repository/org/slf4j/slf4j-api/1.6.1/slf4j-api-1.6.1.jar
7f00b471f000-7f00b4724000 r-xs 00015000 fd:02 12189931                   /home/rmartine/.m2/repository/org/hibernate/javax/persistence/hibernate-jpa-2.0-api/1.0.1.Final-redhat-1/hibernate-jpa-2.0-api-1.0.1.Final-redhat-1.jar
7f00b4724000-7f00b4726000 r-xs 0000a000 fd:02 12189966                   /home/rmartine/.m2/repository/org/jboss/spec/javax/ws/rs/jboss-jaxrs-api_1.1_spec/1.0.1.Final-redhat-1/jboss-jaxrs-api_1.1_spec-1.0.1.Final-redhat-1.jar
7f00b4726000-7f00b4727000 r-xs 00004000 fd:02 12189932                   /home/rmartine/.m2/repository/org/jboss/spec/javax/annotation/jboss-annotations-api_1.1_spec/1.0.1.Final-redhat-1/jboss-annotations-api_1.1_spec-1.0.1.Final-redhat-1.jar
7f00b4727000-7f00b4729000 r-xs 00005000 fd:02 12189965                   /home/rmartine/.m2/repository/org/jboss/spec/javax/transaction/jboss-transaction-api_1.1_spec/1.0.1.Final-redhat-1/jboss-transaction-api_1.1_spec-1.0.1.Final-redhat-1.jar
7f00b4729000-7f00b472a000 r-xs 00000000 fd:02 12189924                   /home/rmartine/.m2/repository/javax/inject/javax.inject/1-redhat-1/javax.inject-1-redhat-1.jar
7f00b472a000-7f00b472b000 r-xs 00004000 fd:02 12061563                   /home/rmartine/.m2/repository/org/jboss/spec/javax/interceptor/jboss-interceptors-api_1.1_spec/1.0.1.Final-redhat-1/jboss-interceptors-api_1.1_spec-1.0.1.Final-redhat-1.jar
7f00b472b000-7f00b472e000 r-xs 0000a000 fd:02 12189923                   /home/rmartine/.m2/repository/javax/enterprise/cdi-api/1.0-SP4-redhat-1/cdi-api-1.0-SP4-redhat-1.jar
7f00b472e000-7f00b472f000 rwxp 00000000 00:00 0 
7f00b472f000-7f00b4730000 r-xp 00000000 00:00 0 
7f00b4730000-7f00b4731000 rwxp 00000000 00:00 0 
7fff0d17a000-7fff0d19c000 rwxp 00000000 00:00 0                          [stack]
7fff0d1ff000-7fff0d200000 r-xp 00000000 00:00 0                          [vdso]
ffffffffff600000-ffffffffff601000 r-xp 00000000 00:00 0                  [vsyscall]

VM Arguments:
jvm_args: -Xmx512m 
java_command: com.google.gwt.dev.Compiler -logLevel INFO -style OBFUSCATED -war /home/rmartine/Development/workspace/red-hat-dashboard/src/main/webapp org.jboss.tools.gwt.kitchensink.KitchenSink
Launcher Type: SUN_STANDARD

Environment Variables:
PATH=/home/rmartine/Development/apache-maven-3.0.4/bin:/usr/lib64/qt-3.3/bin:/usr/local/bin:/usr/bin:/bin:/usr/local/sbin:/usr/sbin:/home/rmartine/.local/bin:/home/rmartine/bin
USERNAME=rmartine
LD_LIBRARY_PATH=/home/rmartine/Development/jvm/jdk1.6.0_33/jre/lib/amd64/server:/home/rmartine/Development/jvm/jdk1.6.0_33/jre/lib/amd64:/home/rmartine/Development/jvm/jdk1.6.0_33/jre/../lib/amd64
SHELL=/bin/bash
DISPLAY=:0

Signal Handlers:
SIGSEGV: [libjvm.so+0x860350], sa_mask[0]=0x7ffbfeff, sa_flags=0x10000004
SIGBUS: [libjvm.so+0x860350], sa_mask[0]=0x7ffbfeff, sa_flags=0x10000004
SIGFPE: [libjvm.so+0x70efb0], sa_mask[0]=0x7ffbfeff, sa_flags=0x10000004
SIGPIPE: [libjvm.so+0x70efb0], sa_mask[0]=0x7ffbfeff, sa_flags=0x10000004
SIGXFSZ: [libjvm.so+0x70efb0], sa_mask[0]=0x7ffbfeff, sa_flags=0x10000004
SIGILL: [libjvm.so+0x70efb0], sa_mask[0]=0x7ffbfeff, sa_flags=0x10000004
SIGUSR1: SIG_DFL, sa_mask[0]=0x00000000, sa_flags=0x00000000
SIGUSR2: [libjvm.so+0x711de0], sa_mask[0]=0x00000004, sa_flags=0x10000004
SIGHUP: [libjvm.so+0x7119e0], sa_mask[0]=0x7ffbfeff, sa_flags=0x10000004
SIGINT: [libjvm.so+0x7119e0], sa_mask[0]=0x7ffbfeff, sa_flags=0x10000004
SIGTERM: [libjvm.so+0x7119e0], sa_mask[0]=0x7ffbfeff, sa_flags=0x10000004
SIGQUIT: [libjvm.so+0x7119e0], sa_mask[0]=0x7ffbfeff, sa_flags=0x10000004


---------------  S Y S T E M  ---------------

OS:Fedora release 17 (Beefy Miracle)

uname:Linux 3.4.4-5.fc17.x86_64 #1 SMP Thu Jul 5 20:20:59 UTC 2012 x86_64
libc:glibc 2.15 NPTL 2.15 
rlimit: STACK 8192k, CORE 0k, NPROC 1024, NOFILE 4096, AS infinity
load average:2.41 1.63 1.47

/proc/meminfo:
MemTotal:        7969988 kB
MemFree:          584864 kB
Buffers:          224804 kB
Cached:          2716612 kB
SwapCached:            0 kB
Active:          5395784 kB
Inactive:        1599056 kB
Active(anon):    3986432 kB
Inactive(anon):   518208 kB
Active(file):    1409352 kB
Inactive(file):  1080848 kB
Unevictable:        3540 kB
Mlocked:            3540 kB
SwapTotal:      10059772 kB
SwapFree:       10059772 kB
Dirty:              4660 kB
Writeback:             0 kB
AnonPages:       4058692 kB
Mapped:           266924 kB
Shmem:            448948 kB
Slab:             221400 kB
SReclaimable:     163876 kB
SUnreclaim:        57524 kB
KernelStack:        4832 kB
PageTables:        52424 kB
NFS_Unstable:          0 kB
Bounce:                0 kB
WritebackTmp:          0 kB
CommitLimit:    14044764 kB
Committed_AS:    7325304 kB
VmallocTotal:   34359738367 kB
VmallocUsed:      586296 kB
VmallocChunk:   34359053656 kB
HardwareCorrupted:     0 kB
AnonHugePages:   2951168 kB
HugePages_Total:       0
HugePages_Free:        0
HugePages_Rsvd:        0
HugePages_Surp:        0
Hugepagesize:       2048 kB
DirectMap4k:       90112 kB
DirectMap2M:     8159232 kB


CPU:total 4 (2 cores per cpu, 2 threads per core) family 6 model 37 stepping 5, cmov, cx8, fxsr, mmx, sse, sse2, sse3, ssse3, sse4.1, sse4.2, popcnt, ht

/proc/cpuinfo:
processor	: 0
vendor_id	: GenuineIntel
cpu family	: 6
model		: 37
model name	: Intel(R) Core(TM) i5 CPU       M 540  @ 2.53GHz
stepping	: 5
microcode	: 0x3
cpu MHz		: 1199.000
cache size	: 3072 KB
physical id	: 0
siblings	: 4
core id		: 0
cpu cores	: 2
apicid		: 0
initial apicid	: 0
fpu		: yes
fpu_exception	: yes
cpuid level	: 11
wp		: yes
flags		: fpu vme de pse tsc msr pae mce cx8 apic sep mtrr pge mca cmov pat pse36 clflush dts acpi mmx fxsr sse sse2 ss ht tm pbe syscall nx rdtscp lm constant_tsc arch_perfmon pebs bts rep_good nopl xtopology nonstop_tsc aperfmperf pni pclmulqdq dtes64 monitor ds_cpl vmx smx est tm2 ssse3 cx16 xtpr pdcm pcid sse4_1 sse4_2 popcnt aes lahf_lm ida arat dts tpr_shadow vnmi flexpriority ept vpid
bogomips	: 5053.99
clflush size	: 64
cache_alignment	: 64
address sizes	: 36 bits physical, 48 bits virtual
power management:

processor	: 1
vendor_id	: GenuineIntel
cpu family	: 6
model		: 37
model name	: Intel(R) Core(TM) i5 CPU       M 540  @ 2.53GHz
stepping	: 5
microcode	: 0x3
cpu MHz		: 2534.000
cache size	: 3072 KB
physical id	: 0
siblings	: 4
core id		: 0
cpu cores	: 2
apicid		: 1
initial apicid	: 1
fpu		: yes
fpu_exception	: yes
cpuid level	: 11
wp		: yes
flags		: fpu vme de pse tsc msr pae mce cx8 apic sep mtrr pge mca cmov pat pse36 clflush dts acpi mmx fxsr sse sse2 ss ht tm pbe syscall nx rdtscp lm constant_tsc arch_perfmon pebs bts rep_good nopl xtopology nonstop_tsc aperfmperf pni pclmulqdq dtes64 monitor ds_cpl vmx smx est tm2 ssse3 cx16 xtpr pdcm pcid sse4_1 sse4_2 popcnt aes lahf_lm ida arat dts tpr_shadow vnmi flexpriority ept vpid
bogomips	: 5053.99
clflush size	: 64
cache_alignment	: 64
address sizes	: 36 bits physical, 48 bits virtual
power management:

processor	: 2
vendor_id	: GenuineIntel
cpu family	: 6
model		: 37
model name	: Intel(R) Core(TM) i5 CPU       M 540  @ 2.53GHz
stepping	: 5
microcode	: 0x3
cpu MHz		: 1199.000
cache size	: 3072 KB
physical id	: 0
siblings	: 4
core id		: 2
cpu cores	: 2
apicid		: 4
initial apicid	: 4
fpu		: yes
fpu_exception	: yes
cpuid level	: 11
wp		: yes
flags		: fpu vme de pse tsc msr pae mce cx8 apic sep mtrr pge mca cmov pat pse36 clflush dts acpi mmx fxsr sse sse2 ss ht tm pbe syscall nx rdtscp lm constant_tsc arch_perfmon pebs bts rep_good nopl xtopology nonstop_tsc aperfmperf pni pclmulqdq dtes64 monitor ds_cpl vmx smx est tm2 ssse3 cx16 xtpr pdcm pcid sse4_1 sse4_2 popcnt aes lahf_lm ida arat dts tpr_shadow vnmi flexpriority ept vpid
bogomips	: 5053.99
clflush size	: 64
cache_alignment	: 64
address sizes	: 36 bits physical, 48 bits virtual
power management:

processor	: 3
vendor_id	: GenuineIntel
cpu family	: 6
model		: 37
model name	: Intel(R) Core(TM) i5 CPU       M 540  @ 2.53GHz
stepping	: 5
microcode	: 0x3
cpu MHz		: 2534.000
cache size	: 3072 KB
physical id	: 0
siblings	: 4
core id		: 2
cpu cores	: 2
apicid		: 5
initial apicid	: 5
fpu		: yes
fpu_exception	: yes
cpuid level	: 11
wp		: yes
flags		: fpu vme de pse tsc msr pae mce cx8 apic sep mtrr pge mca cmov pat pse36 clflush dts acpi mmx fxsr sse sse2 ss ht tm pbe syscall nx rdtscp lm constant_tsc arch_perfmon pebs bts rep_good nopl xtopology nonstop_tsc aperfmperf pni pclmulqdq dtes64 monitor ds_cpl vmx smx est tm2 ssse3 cx16 xtpr pdcm pcid sse4_1 sse4_2 popcnt aes lahf_lm ida arat dts tpr_shadow vnmi flexpriority ept vpid
bogomips	: 5053.99
clflush size	: 64
cache_alignment	: 64
address sizes	: 36 bits physical, 48 bits virtual
power management:



Memory: 4k page, physical 7969988k(584864k free), swap 10059772k(10059772k free)

vm_info: Java HotSpot(TM) 64-Bit Server VM (20.8-b03) for linux-amd64 JRE (1.6.0_33-b03), built on May  9 2012 09:57:57 by "java_re" with gcc 3.2.2 (SuSE Linux)

time: Sun Jul 15 21:38:12 2012
elapsed time: 37 seconds

